This file contains any messages produced by compilers while
running configure, to aid debugging if configure makes a mistake.

It was created by tools configure 0.2, which was
generated by GNU Autoconf 2.65.  Invocation command line was

  $ ./configure CC=gcc -arch i386 CXX=g++ -arch i386

## --------- ##
## Platform. ##
## --------- ##

hostname = ubuntu
uname -m = i686
uname -r = 2.6.32-24-generic
uname -s = Linux
uname -v = #42-Ubuntu SMP Fri Aug 20 14:24:04 UTC 2010

/usr/bin/uname -p = unknown
/bin/uname -X     = unknown

/bin/arch              = unknown
/usr/bin/arch -k       = unknown
/usr/convex/getsysinfo = unknown
/usr/bin/hostinfo      = unknown
/bin/machine           = unknown
/usr/bin/oslevel       = unknown
/bin/universe          = unknown

PATH: /usr/local/sbin
PATH: /usr/local/bin
PATH: /usr/sbin
PATH: /usr/bin
PATH: /sbin
PATH: /bin
PATH: /usr/games


## ----------- ##
## Core tests. ##
## ----------- ##

configure:2220: checking for a BSD-compatible install
configure:2288: result: /usr/bin/install -c
configure:2299: checking whether build environment is sane
configure:2349: result: yes
configure:2490: checking for a thread-safe mkdir -p
configure:2529: result: /bin/mkdir -p
configure:2542: checking for gawk
configure:2558: found /usr/bin/gawk
configure:2569: result: gawk
configure:2580: checking whether make sets $(MAKE)
configure:2602: result: yes
configure:2736: checking for gcc
configure:2763: result: gcc -arch i386
configure:2992: checking for C compiler version
configure:3001: gcc -arch i386 --version >&5
gcc (Ubuntu 4.4.3-4ubuntu5) 4.4.3
Copyright (C) 2009 Free Software Foundation, Inc.
This is free software; see the source for copying conditions.  There is NO
warranty; not even for MERCHANTABILITY or FITNESS FOR A PARTICULAR PURPOSE.

gcc: i386: No such file or directory
configure:3012: $? = 0
configure:3001: gcc -arch i386 -v >&5
gcc: i386: No such file or directory
Using built-in specs.
Target: i486-linux-gnu
Configured with: ../src/configure -v --with-pkgversion='Ubuntu 4.4.3-4ubuntu5' --with-bugurl=file:///usr/share/doc/gcc-4.4/README.Bugs --enable-languages=c,c++,fortran,objc,obj-c++ --prefix=/usr --enable-shared --enable-multiarch --enable-linker-build-id --with-system-zlib --libexecdir=/usr/lib --without-included-gettext --enable-threads=posix --with-gxx-include-dir=/usr/include/c++/4.4 --program-suffix=-4.4 --enable-nls --enable-clocale=gnu --enable-libstdcxx-debug --enable-plugin --enable-objc-gc --enable-targets=all --disable-werror --with-arch-32=i486 --with-tune=generic --enable-checking=release --build=i486-linux-gnu --host=i486-linux-gnu --target=i486-linux-gnu
Thread model: posix
gcc version 4.4.3 (Ubuntu 4.4.3-4ubuntu5) 
configure:3012: $? = 0
configure:3001: gcc -arch i386 -V >&5
gcc: '-V' must come at the start of the command line
configure:3012: $? = 1
configure:3001: gcc -arch i386 -qversion >&5
gcc: i386: No such file or directory
gcc: unrecognized option '-qversion'
gcc: no input files
configure:3012: $? = 1
configure:3032: checking whether the C compiler works
configure:3054: gcc -arch i386    conftest.c  >&5
gcc: i386: No such file or directory
cc1: error: unrecognized command line option "-arch"
configure:3058: $? = 1
configure:3096: result: no
configure: failed program was:
| /* confdefs.h */
| #define PACKAGE_NAME "tools"
| #define PACKAGE_TARNAME "tools"
| #define PACKAGE_VERSION "0.2"
| #define PACKAGE_STRING "tools 0.2"
| #define PACKAGE_BUGREPORT "mgreen at cs dot jhu dot edu"
| #define PACKAGE_URL ""
| #define PACKAGE "tools"
| #define VERSION "0.2"
| /* end confdefs.h.  */
| 
| int
| main ()
| {
| 
|   ;
|   return 0;
| }
configure:3101: error: in `/home/ido/libfenc/tools':
configure:3105: error: C compiler cannot create executables
See `config.log' for more details.

## ---------------- ##
## Cache variables. ##
## ---------------- ##

ac_cv_env_CC_set=set
ac_cv_env_CC_value='gcc -arch i386'
ac_cv_env_CFLAGS_set=
ac_cv_env_CFLAGS_value=
ac_cv_env_CPPFLAGS_set=
ac_cv_env_CPPFLAGS_value=
ac_cv_env_CPP_set=
ac_cv_env_CPP_value=
ac_cv_env_LDFLAGS_set=
ac_cv_env_LDFLAGS_value=
ac_cv_env_LIBS_set=
ac_cv_env_LIBS_value=
ac_cv_env_build_alias_set=
ac_cv_env_build_alias_value=
ac_cv_env_host_alias_set=
ac_cv_env_host_alias_value=
ac_cv_env_target_alias_set=
ac_cv_env_target_alias_value=
ac_cv_path_install='/usr/bin/install -c'
ac_cv_path_mkdir=/bin/mkdir
ac_cv_prog_AWK=gawk
ac_cv_prog_ac_ct_CC='gcc -arch i386'
ac_cv_prog_make_make_set=yes

## ----------------- ##
## Output variables. ##
## ----------------- ##

ACLOCAL='${SHELL} /home/ido/libfenc/tools/missing --run aclocal-1.11'
AMDEPBACKSLASH=''
AMDEP_FALSE=''
AMDEP_TRUE=''
AMTAR='${SHELL} /home/ido/libfenc/tools/missing --run tar'
AUTOCONF='${SHELL} /home/ido/libfenc/tools/missing --run autoconf'
AUTOHEADER='${SHELL} /home/ido/libfenc/tools/missing --run autoheader'
AUTOMAKE='${SHELL} /home/ido/libfenc/tools/missing --run automake-1.11'
AWK='gawk'
CC='gcc -arch i386'
CCDEPMODE=''
CFLAGS=''
CPP=''
CPPFLAGS=''
CYGPATH_W='echo'
DEFS=''
DEPDIR=''
ECHO_C=''
ECHO_N='-n'
ECHO_T=''
EGREP=''
EXEEXT=''
GREP=''
INSTALL_DATA='${INSTALL} -m 644'
INSTALL_PROGRAM='${INSTALL}'
INSTALL_SCRIPT='${INSTALL}'
INSTALL_STRIP_PROGRAM='$(install_sh) -c -s'
LDFLAGS=''
LIBOBJS=''
LIBS=''
LN_S=''
LTLIBOBJS=''
MAKEINFO='${SHELL} /home/ido/libfenc/tools/missing --run makeinfo'
MKDIR_P='/bin/mkdir -p'
OBJEXT=''
PACKAGE='tools'
PACKAGE_BUGREPORT='mgreen at cs dot jhu dot edu'
PACKAGE_NAME='tools'
PACKAGE_STRING='tools 0.2'
PACKAGE_TARNAME='tools'
PACKAGE_URL=''
PACKAGE_VERSION='0.2'
PATH_SEPARATOR=':'
SET_MAKE=''
SHELL='/bin/bash'
STRIP=''
VERSION='0.2'
ac_ct_CC='gcc -arch i386'
am__EXEEXT_FALSE=''
am__EXEEXT_TRUE=''
am__fastdepCC_FALSE=''
am__fastdepCC_TRUE=''
am__include=''
am__isrc=''
am__leading_dot='.'
am__quote=''
am__tar='${AMTAR} chof - "$$tardir"'
am__untar='${AMTAR} xf -'
bindir='${exec_prefix}/bin'
build_alias=''
datadir='${datarootdir}'
datarootdir='${prefix}/share'
docdir='${datarootdir}/doc/${PACKAGE_TARNAME}'
dvidir='${docdir}'
exec_prefix='NONE'
host_alias=''
htmldir='${docdir}'
includedir='${prefix}/include'
infodir='${datarootdir}/info'
install_sh='${SHELL} /home/ido/libfenc/tools/install-sh'
libdir='${exec_prefix}/lib'
libexecdir='${exec_prefix}/libexec'
localedir='${datarootdir}/locale'
localstatedir='${prefix}/var'
mandir='${datarootdir}/man'
mkdir_p='/bin/mkdir -p'
oldincludedir='/usr/include'
pdfdir='${docdir}'
prefix='NONE'
program_transform_name='s,x,x,'
psdir='${docdir}'
sbindir='${exec_prefix}/sbin'
sharedstatedir='${prefix}/com'
sysconfdir='${prefix}/etc'
target_alias=''

## ----------- ##
## confdefs.h. ##
## ----------- ##

/* confdefs.h */
#define PACKAGE_NAME "tools"
#define PACKAGE_TARNAME "tools"
#define PACKAGE_VERSION "0.2"
#define PACKAGE_STRING "tools 0.2"
#define PACKAGE_BUGREPORT "mgreen at cs dot jhu dot edu"
#define PACKAGE_URL ""
#define PACKAGE "tools"
#define VERSION "0.2"

configure: exit 77
